<?xml version="1.0" encoding="UTF-8"?>
<!-- Generated by org.testng.reporters.JUnitReportReporter -->
<testsuite hostname="DESKTOP-TIC5DM4" failures="0" tests="5" name="milestone4.TestingRestAPI" time="3.672" errors="0" timestamp="2024-08-28T20:38:11 IST" skipped="0">
  <testcase classname="milestone4.TestingRestAPI" name="getAllUsers" time="1.882"/>
  <testcase classname="milestone4.TestingRestAPI" name="createUser" time="0.524"/>
  <testcase classname="milestone4.TestingRestAPI" name="putUser" time="0.403"/>
  <testcase classname="milestone4.TestingRestAPI" name="patchUser" time="0.453"/>
  <testcase classname="milestone4.TestingRestAPI" name="deleteUser" time="0.410"/>
</testsuite> <!-- milestone4.TestingRestAPI -->
