<?xml version="1.0" encoding="UTF-8"?>
<!-- Generated by org.testng.reporters.JUnitReportReporter -->
<testsuite hostname="DESKTOP-TIC5DM4" failures="0" tests="5" name="milestone4.TestingRestAPI" time="3.469" errors="0" timestamp="2024-08-28T20:53:58 IST" skipped="0">
  <testcase classname="milestone4.TestingRestAPI" name="getAllUsers" time="1.755"/>
  <testcase classname="milestone4.TestingRestAPI" name="createUser" time="0.460"/>
  <testcase classname="milestone4.TestingRestAPI" name="putUser" time="0.447"/>
  <testcase classname="milestone4.TestingRestAPI" name="patchUser" time="0.416"/>
  <testcase classname="milestone4.TestingRestAPI" name="deleteUser" time="0.391"/>
</testsuite> <!-- milestone4.TestingRestAPI -->
